lucianbuzzo (8:46) => 2
lucianbuzzo (8:46) => 3
lucianbuzzo (8:47) => another test
lucianbuzzo (8:47) => and more
lucianbuzzo (8:49) => hell world
lucianbuzzo (8:50) => wassup?
lucianbuzzo (8:50) => lol
lucianbuzzo (8:51) => something
lucianbuzzo (8:51) => something else
lucianbuzzo (8:54) => foo
lucianbuzzo (8:56) => more foo
chrisquinnr (8:57) => omfg what is up with this channe;
chrisquinnr (8:58) => I had like 50 notifications at 12am
chrisquinnr (8:58) => but when I looked here... THERE WAS NOTHING
chrisquinnr (8:58) => :ghost:
lucianbuzzo (9:24) => lol
lucianbuzzo (15:31) => :vim: hiya yo
lucianbuzzo (15:31) => typey type
bakeruk (15:32) => hi
chrisquinnr (15:36) => hi
lucianbuzzo (15:37) => :vim: Heya
lucianbuzzo (9:12) => :vim: Test message
lucianbuzzo (9:13) => :vim: Inline test message 
